<?xml version="1.0" encoding="UTF-8"?>
<!-- Generated by org.testng.reporters.JUnitReportReporter -->
<testsuite hostname="MSI" failures="0" tests="1" name="VikasKumar.AppiumBasics" time="15.934" errors="0" timestamp="2024-04-25T15:18:44 IST" skipped="0">
  <testcase classname="VikasKumar.AppiumBasics" name="wifiSettingName" time="15.934"/>
  <system-out/>
</testsuite> <!-- VikasKumar.AppiumBasics -->
