<?xml version="1.0" encoding="UTF-8"?>
<!-- Generated by org.testng.reporters.JUnitReportReporter -->
<testsuite hostname="MSI" failures="0" tests="2" name="VikasKumar.TC_01_FillForm" time="4.367" errors="0" timestamp="2024-04-25T21:57:22 IST" skipped="1">
  <testcase classname="VikasKumar.TC_01_FillForm" name="toastErrorMessage" time="4.367"/>
  <system-out/>
  <testcase classname="VikasKumar.TC_01_FillForm" name="FillForm">
    <skipped/>
  </testcase> <!-- FillForm -->
  <system-out/>
</testsuite> <!-- VikasKumar.TC_01_FillForm -->
