<?xml version="1.0" encoding="UTF-8"?>
<!-- Generated by org.testng.reporters.JUnitReportReporter -->
<testsuite hostname="MSI" failures="0" tests="1" name="VikasKumar.SwipeDemo" time="6.243" errors="0" timestamp="2024-04-25T16:57:06 IST" skipped="0">
  <testcase classname="VikasKumar.SwipeDemo" name="SwipeDemoTest" time="6.243"/>
  <system-out/>
</testsuite> <!-- VikasKumar.SwipeDemo -->
