<?xml version="1.0" encoding="UTF-8"?>
<!-- Generated by org.testng.reporters.JUnitReportReporter -->
<testsuite hostname="MSI" failures="0" tests="1" name="VikasKumar.TC_02_VerifyItemInCart" time="18.575" errors="0" timestamp="2024-04-26T09:31:47 IST" skipped="0">
  <testcase classname="VikasKumar.TC_02_VerifyItemInCart" name="FillForm" time="18.575"/>
  <system-out/>
</testsuite> <!-- VikasKumar.TC_02_VerifyItemInCart -->
