<?xml version="1.0" encoding="UTF-8"?>
<!-- Generated by org.testng.reporters.JUnitReportReporter -->
<testsuite hostname="MSI" failures="0" tests="1" name="VikasKumar.LongPress" time="6.764" errors="0" timestamp="2024-04-25T16:14:09 IST" skipped="0">
  <testcase classname="VikasKumar.LongPress" name="LongPressGesture" time="6.764"/>
  <system-out/>
</testsuite> <!-- VikasKumar.LongPress -->
