<?xml version="1.0" encoding="UTF-8"?>
<!-- Generated by org.testng.reporters.JUnitReportReporter -->
<testsuite hostname="MSI" failures="0" tests="1" name="VikasKumar.ScrollDemo" time="41.785" errors="0" timestamp="2024-04-25T16:33:04 IST" skipped="0">
  <testcase classname="VikasKumar.ScrollDemo" name="LongPressGesture" time="41.785"/>
  <system-out/>
</testsuite> <!-- VikasKumar.ScrollDemo -->
